<?xml version="1.0" encoding="UTF-8"?>
<coverage generated="1758609907596" clover="3.2.0">
  <project timestamp="1758609907597" name="All files">
    <metrics statements="187" coveredstatements="65" conditionals="136" coveredconditionals="27" methods="73" coveredmethods="25" elements="396" coveredelements="117" complexity="0" loc="187" ncloc="187" packages="3" files="18" classes="18"/>
    <package name="app">
      <metrics statements="13" coveredstatements="3" conditionals="4" coveredconditionals="0" methods="6" coveredmethods="2"/>
      <file name="layout.tsx" path="/Users/mac/Desktop/keephy/keephy_enhanced/keephy_web_app/app/layout.tsx">
        <metrics statements="5" coveredstatements="0" conditionals="2" coveredconditionals="0" methods="1" coveredmethods="0"/>
        <line num="14" count="0" type="stmt"/>
        <line num="19" count="0" type="stmt"/>
        <line num="30" count="0" type="cond" truecount="0" falsecount="2"/>
        <line num="31" count="0" type="stmt"/>
        <line num="34" count="0" type="stmt"/>
      </file>
      <file name="page.tsx" path="/Users/mac/Desktop/keephy/keephy_enhanced/keephy_web_app/app/page.tsx">
        <metrics statements="3" coveredstatements="3" conditionals="0" coveredconditionals="0" methods="2" coveredmethods="2"/>
        <line num="7" count="11" type="stmt"/>
        <line num="9" count="11" type="stmt"/>
        <line num="24" count="1" type="stmt"/>
      </file>
      <file name="providers.tsx" path="/Users/mac/Desktop/keephy/keephy_enhanced/keephy_web_app/app/providers.tsx">
        <metrics statements="5" coveredstatements="0" conditionals="2" coveredconditionals="0" methods="3" coveredmethods="0"/>
        <line num="8" count="0" type="stmt"/>
        <line num="10" count="0" type="stmt"/>
        <line num="15" count="0" type="cond" truecount="0" falsecount="2"/>
        <line num="16" count="0" type="stmt"/>
        <line num="23" count="0" type="stmt"/>
      </file>
    </package>
    <package name="components">
      <metrics statements="114" coveredstatements="13" conditionals="106" coveredconditionals="12" methods="46" coveredmethods="5"/>
      <file name="ContactForm.tsx" path="/Users/mac/Desktop/keephy/keephy_enhanced/keephy_web_app/components/ContactForm.tsx">
        <metrics statements="5" coveredstatements="0" conditionals="8" coveredconditionals="0" methods="4" coveredmethods="0"/>
        <line num="17" count="0" type="stmt"/>
        <line num="18" count="0" type="stmt"/>
        <line num="24" count="0" type="stmt"/>
        <line num="35" count="0" type="stmt"/>
        <line num="57" count="0" type="stmt"/>
      </file>
      <file name="ContactUsForm.tsx" path="/Users/mac/Desktop/keephy/keephy_enhanced/keephy_web_app/components/ContactUsForm.tsx">
        <metrics statements="9" coveredstatements="0" conditionals="0" coveredconditionals="0" methods="3" coveredmethods="0"/>
        <line num="6" count="0" type="stmt"/>
        <line num="7" count="0" type="stmt"/>
        <line num="8" count="0" type="stmt"/>
        <line num="15" count="0" type="stmt"/>
        <line num="16" count="0" type="stmt"/>
        <line num="18" count="0" type="stmt"/>
        <line num="21" count="0" type="stmt"/>
        <line num="22" count="0" type="stmt"/>
        <line num="28" count="0" type="stmt"/>
      </file>
      <file name="ErrorBoundary.tsx" path="/Users/mac/Desktop/keephy/keephy_enhanced/keephy_web_app/components/ErrorBoundary.tsx">
        <metrics statements="14" coveredstatements="13" conditionals="15" coveredconditionals="12" methods="6" coveredmethods="5"/>
        <line num="18" count="12" type="stmt"/>
        <line num="19" count="11" type="stmt"/>
        <line num="23" count="10" type="stmt"/>
        <line num="27" count="5" type="stmt"/>
        <line num="28" count="5" type="stmt"/>
        <line num="31" count="5" type="cond" truecount="3" falsecount="1"/>
        <line num="32" count="5" type="stmt"/>
        <line num="33" count="5" type="stmt"/>
        <line num="46" count="5" type="cond" truecount="2" falsecount="2"/>
        <line num="47" count="0" type="stmt"/>
        <line num="56" count="26" type="cond" truecount="2" falsecount="0"/>
        <line num="57" count="15" type="cond" truecount="2" falsecount="0"/>
        <line num="74" count="1" type="stmt"/>
        <line num="94" count="11" type="stmt"/>
      </file>
      <file name="ErrorMessage.tsx" path="/Users/mac/Desktop/keephy/keephy_enhanced/keephy_web_app/components/ErrorMessage.tsx">
        <metrics statements="1" coveredstatements="0" conditionals="7" coveredconditionals="0" methods="1" coveredmethods="0"/>
        <line num="19" count="0" type="stmt"/>
      </file>
      <file name="FreeTrial.tsx" path="/Users/mac/Desktop/keephy/keephy_enhanced/keephy_web_app/components/FreeTrial.tsx">
        <metrics statements="8" coveredstatements="0" conditionals="0" coveredconditionals="0" methods="3" coveredmethods="0"/>
        <line num="6" count="0" type="stmt"/>
        <line num="7" count="0" type="stmt"/>
        <line num="8" count="0" type="stmt"/>
        <line num="10" count="0" type="stmt"/>
        <line num="11" count="0" type="stmt"/>
        <line num="13" count="0" type="stmt"/>
        <line num="16" count="0" type="stmt"/>
        <line num="31" count="0" type="stmt"/>
      </file>
      <file name="KeyFeatureImage.tsx" path="/Users/mac/Desktop/keephy/keephy_enhanced/keephy_web_app/components/KeyFeatureImage.tsx">
        <metrics statements="2" coveredstatements="0" conditionals="0" coveredconditionals="0" methods="1" coveredmethods="0"/>
        <line num="5" count="0" type="stmt"/>
        <line num="6" count="0" type="stmt"/>
      </file>
      <file name="LandingPageHead.tsx" path="/Users/mac/Desktop/keephy/keephy_enhanced/keephy_web_app/components/LandingPageHead.tsx">
        <metrics statements="3" coveredstatements="0" conditionals="0" coveredconditionals="0" methods="1" coveredmethods="0"/>
        <line num="6" count="0" type="stmt"/>
        <line num="7" count="0" type="stmt"/>
        <line num="9" count="0" type="stmt"/>
      </file>
      <file name="LoadingSpinner.tsx" path="/Users/mac/Desktop/keephy/keephy_enhanced/keephy_web_app/components/LoadingSpinner.tsx">
        <metrics statements="2" coveredstatements="0" conditionals="3" coveredconditionals="0" methods="1" coveredmethods="0"/>
        <line num="9" count="0" type="stmt"/>
        <line num="15" count="0" type="stmt"/>
      </file>
      <file name="MultipleChoiceQuestion.tsx" path="/Users/mac/Desktop/keephy/keephy_enhanced/keephy_web_app/components/MultipleChoiceQuestion.tsx">
        <metrics statements="4" coveredstatements="0" conditionals="8" coveredconditionals="0" methods="3" coveredmethods="0"/>
        <line num="27" count="0" type="cond" truecount="0" falsecount="2"/>
        <line num="29" count="0" type="stmt"/>
        <line num="38" count="0" type="stmt"/>
        <line num="53" count="0" type="stmt"/>
      </file>
      <file name="RatingForm.tsx" path="/Users/mac/Desktop/keephy/keephy_enhanced/keephy_web_app/components/RatingForm.tsx">
        <metrics statements="47" coveredstatements="0" conditionals="33" coveredconditionals="0" methods="12" coveredmethods="0"/>
        <line num="48" count="0" type="stmt"/>
        <line num="49" count="0" type="stmt"/>
        <line num="50" count="0" type="stmt"/>
        <line num="51" count="0" type="stmt"/>
        <line num="53" count="0" type="stmt"/>
        <line num="54" count="0" type="stmt"/>
        <line num="60" count="0" type="cond" truecount="0" falsecount="2"/>
        <line num="61" count="0" type="stmt"/>
        <line num="68" count="0" type="stmt"/>
        <line num="69" count="0" type="stmt"/>
        <line num="71" count="0" type="stmt"/>
        <line num="72" count="0" type="cond" truecount="0" falsecount="4"/>
        <line num="73" count="0" type="stmt"/>
        <line num="77" count="0" type="cond" truecount="0" falsecount="2"/>
        <line num="78" count="0" type="cond" truecount="0" falsecount="2"/>
        <line num="79" count="0" type="stmt"/>
        <line num="81" count="0" type="cond" truecount="0" falsecount="2"/>
        <line num="82" count="0" type="stmt"/>
        <line num="83" count="0" type="cond" truecount="0" falsecount="2"/>
        <line num="84" count="0" type="stmt"/>
        <line num="88" count="0" type="stmt"/>
        <line num="89" count="0" type="stmt"/>
        <line num="92" count="0" type="stmt"/>
        <line num="93" count="0" type="stmt"/>
        <line num="95" count="0" type="cond" truecount="0" falsecount="2"/>
        <line num="96" count="0" type="stmt"/>
        <line num="99" count="0" type="stmt"/>
        <line num="101" count="0" type="stmt"/>
        <line num="102" count="0" type="stmt"/>
        <line num="104" count="0" type="stmt"/>
        <line num="111" count="0" type="cond" truecount="0" falsecount="2"/>
        <line num="112" count="0" type="stmt"/>
        <line num="115" count="0" type="stmt"/>
        <line num="117" count="0" type="stmt"/>
        <line num="120" count="0" type="stmt"/>
        <line num="124" count="0" type="stmt"/>
        <line num="125" count="0" type="stmt"/>
        <line num="128" count="0" type="stmt"/>
        <line num="132" count="0" type="cond" truecount="0" falsecount="5"/>
        <line num="134" count="0" type="stmt"/>
        <line num="136" count="0" type="stmt"/>
        <line num="138" count="0" type="cond" truecount="0" falsecount="2"/>
        <line num="140" count="0" type="stmt"/>
        <line num="142" count="0" type="stmt"/>
        <line num="146" count="0" type="stmt"/>
        <line num="151" count="0" type="stmt"/>
        <line num="153" count="0" type="stmt"/>
      </file>
      <file name="RatingQuestion.tsx" path="/Users/mac/Desktop/keephy/keephy_enhanced/keephy_web_app/components/RatingQuestion.tsx">
        <metrics statements="11" coveredstatements="0" conditionals="10" coveredconditionals="0" methods="5" coveredmethods="0"/>
        <line num="17" count="0" type="cond" truecount="0" falsecount="2"/>
        <line num="18" count="0" type="stmt"/>
        <line num="20" count="0" type="stmt"/>
        <line num="21" count="0" type="stmt"/>
        <line num="24" count="0" type="stmt"/>
        <line num="25" count="0" type="cond" truecount="0" falsecount="2"/>
        <line num="26" count="0" type="stmt"/>
        <line num="28" count="0" type="stmt"/>
        <line num="31" count="0" type="stmt"/>
        <line num="40" count="0" type="stmt"/>
        <line num="43" count="0" type="stmt"/>
      </file>
      <file name="TextQuestion.tsx" path="/Users/mac/Desktop/keephy/keephy_enhanced/keephy_web_app/components/TextQuestion.tsx">
        <metrics statements="3" coveredstatements="0" conditionals="8" coveredconditionals="0" methods="2" coveredmethods="0"/>
        <line num="15" count="0" type="cond" truecount="0" falsecount="2"/>
        <line num="17" count="0" type="stmt"/>
        <line num="26" count="0" type="stmt"/>
      </file>
      <file name="ThankYouPage.tsx" path="/Users/mac/Desktop/keephy/keephy_enhanced/keephy_web_app/components/ThankYouPage.tsx">
        <metrics statements="1" coveredstatements="0" conditionals="4" coveredconditionals="0" methods="1" coveredmethods="0"/>
        <line num="12" count="0" type="stmt"/>
      </file>
      <file name="YesNoQuestion.tsx" path="/Users/mac/Desktop/keephy/keephy_enhanced/keephy_web_app/components/YesNoQuestion.tsx">
        <metrics statements="4" coveredstatements="0" conditionals="10" coveredconditionals="0" methods="3" coveredmethods="0"/>
        <line num="15" count="0" type="cond" truecount="0" falsecount="2"/>
        <line num="17" count="0" type="stmt"/>
        <line num="37" count="0" type="stmt"/>
        <line num="55" count="0" type="stmt"/>
      </file>
    </package>
    <package name="utils">
      <metrics statements="60" coveredstatements="49" conditionals="26" coveredconditionals="15" methods="21" coveredmethods="18"/>
      <file name="routeChecker.ts" path="/Users/mac/Desktop/keephy/keephy_enhanced/keephy_web_app/utils/routeChecker.ts">
        <metrics statements="60" coveredstatements="49" conditionals="26" coveredconditionals="15" methods="21" coveredmethods="18"/>
        <line num="14" count="1" type="stmt"/>
        <line num="57" count="1" type="stmt"/>
        <line num="60" count="11" type="cond" truecount="2" falsecount="0"/>
        <line num="61" count="1" type="stmt"/>
        <line num="63" count="11" type="stmt"/>
        <line num="67" count="10" type="stmt"/>
        <line num="70" count="27" type="stmt"/>
        <line num="71" count="10" type="cond" truecount="2" falsecount="0"/>
        <line num="72" count="3" type="stmt"/>
        <line num="73" count="3" type="stmt"/>
        <line num="77" count="7" type="stmt"/>
        <line num="80" count="7" type="stmt"/>
        <line num="83" count="7" type="stmt"/>
        <line num="85" count="7" type="stmt"/>
        <line num="91" count="7" type="stmt"/>
        <line num="92" count="7" type="cond" truecount="1" falsecount="1"/>
        <line num="93" count="0" type="stmt"/>
        <line num="98" count="7" type="cond" truecount="2" falsecount="0"/>
        <line num="100" count="3" type="cond" truecount="1" falsecount="1"/>
        <line num="101" count="3" type="stmt"/>
        <line num="102" count="3" type="cond" truecount="2" falsecount="0"/>
        <line num="103" count="2" type="stmt"/>
        <line num="110" count="7" type="cond" truecount="1" falsecount="1"/>
        <line num="111" count="0" type="stmt"/>
        <line num="116" count="1" type="stmt"/>
        <line num="117" count="1" type="stmt"/>
        <line num="119" count="1" type="stmt"/>
        <line num="120" count="4" type="stmt"/>
        <line num="121" count="4" type="cond" truecount="2" falsecount="0"/>
        <line num="122" count="1" type="stmt"/>
        <line num="124" count="3" type="stmt"/>
        <line num="128" count="1" type="stmt"/>
        <line num="136" count="2" type="stmt"/>
        <line num="137" count="2" type="cond" truecount="1" falsecount="1"/>
        <line num="138" count="0" type="stmt"/>
        <line num="139" count="0" type="stmt"/>
        <line num="142" count="2" type="stmt"/>
        <line num="143" count="2" type="stmt"/>
        <line num="144" count="2" type="stmt"/>
        <line num="145" count="1" type="stmt"/>
        <line num="146" count="1" type="stmt"/>
        <line num="148" count="2" type="stmt"/>
        <line num="153" count="2" type="stmt"/>
        <line num="154" count="1" type="stmt"/>
        <line num="156" count="1" type="stmt"/>
        <line num="157" count="1" type="stmt"/>
        <line num="162" count="2" type="stmt"/>
        <line num="166" count="12" type="stmt"/>
        <line num="171" count="1" type="stmt"/>
        <line num="172" count="1" type="cond" truecount="1" falsecount="1"/>
        <line num="175" count="1" type="stmt"/>
        <line num="176" count="0" type="stmt"/>
        <line num="177" count="0" type="stmt"/>
        <line num="181" count="1" type="stmt"/>
        <line num="182" count="0" type="stmt"/>
        <line num="183" count="0" type="cond" truecount="0" falsecount="2"/>
        <line num="187" count="1" type="stmt"/>
        <line num="188" count="0" type="cond" truecount="0" falsecount="2"/>
        <line num="189" count="0" type="stmt"/>
        <line num="190" count="0" type="cond" truecount="0" falsecount="2"/>
      </file>
    </package>
  </project>
</coverage>
