{"/Users/mac/Desktop/keephy/keephy_enhanced/keephy_web_app/app/layout.tsx": {"path":"/Users/mac/Desktop/keephy/keephy_enhanced/keephy_web_app/app/layout.tsx","statementMap":{"0":{"start":{"line":14,"column":16},"end":{"line":17,"column":2}},"1":{"start":{"line":19,"column":34},"end":{"line":22,"column":1}},"2":{"start":{"line":30,"column":2},"end":{"line":32,"column":3}},"3":{"start":{"line":31,"column":4},"end":{"line":31,"column":31}},"4":{"start":{"line":34,"column":2},"end":{"line":53,"column":4}}},"fnMap":{"0":{"name":"RootLayout","decl":{"start":{"line":24,"column":24},"end":{"line":24,"column":34}},"loc":{"start":{"line":28,"column":4},"end":{"line":54,"column":1}},"line":28}},"branchMap":{"0":{"loc":{"start":{"line":30,"column":2},"end":{"line":32,"column":3}},"type":"if","locations":[{"start":{"line":30,"column":2},"end":{"line":32,"column":3}},{"start":{},"end":{}}],"line":30}},"s":{"0":0,"1":0,"2":0,"3":0,"4":0},"f":{"0":0},"b":{"0":[0,0]}}
,"/Users/mac/Desktop/keephy/keephy_enhanced/keephy_web_app/app/page.tsx": {"path":"/Users/mac/Desktop/keephy/keephy_enhanced/keephy_web_app/app/page.tsx","statementMap":{"0":{"start":{"line":7,"column":17},"end":{"line":7,"column":28}},"1":{"start":{"line":9,"column":2},"end":{"line":111,"column":4}},"2":{"start":{"line":24,"column":29},"end":{"line":24,"column":50}}},"fnMap":{"0":{"name":"HomePage","decl":{"start":{"line":6,"column":24},"end":{"line":6,"column":32}},"loc":{"start":{"line":6,"column":35},"end":{"line":112,"column":1}},"line":6},"1":{"name":"(anonymous_1)","decl":{"start":{"line":24,"column":23},"end":{"line":24,"column":24}},"loc":{"start":{"line":24,"column":29},"end":{"line":24,"column":50}},"line":24}},"branchMap":{},"s":{"0":11,"1":11,"2":1},"f":{"0":11,"1":1},"b":{},"_coverageSchema":"1a1c01bbd47fc00a2c39e90264f33305004495a9","hash":"f400e822de4c39855a0c6be7ac6254d76523dd1b"}
,"/Users/mac/Desktop/keephy/keephy_enhanced/keephy_web_app/app/providers.tsx": {"path":"/Users/mac/Desktop/keephy/keephy_enhanced/keephy_web_app/app/providers.tsx","statementMap":{"0":{"start":{"line":8,"column":24},"end":{"line":21,"column":3}},"1":{"start":{"line":10,"column":6},"end":{"line":20,"column":8}},"2":{"start":{"line":15,"column":14},"end":{"line":15,"column":54}},"3":{"start":{"line":15,"column":41},"end":{"line":15,"column":54}},"4":{"start":{"line":16,"column":14},"end":{"line":16,"column":38}},"5":{"start":{"line":23,"column":2},"end":{"line":28,"column":4}}},"fnMap":{"0":{"name":"Providers","decl":{"start":{"line":7,"column":24},"end":{"line":7,"column":33}},"loc":{"start":{"line":7,"column":79},"end":{"line":29,"column":1}},"line":7},"1":{"name":"(anonymous_1)","decl":{"start":{"line":9,"column":4},"end":{"line":9,"column":5}},"loc":{"start":{"line":10,"column":6},"end":{"line":20,"column":8}},"line":10},"2":{"name":"(anonymous_2)","decl":{"start":{"line":14,"column":19},"end":{"line":14,"column":20}},"loc":{"start":{"line":14,"column":49},"end":{"line":17,"column":13}},"line":14}},"branchMap":{"0":{"loc":{"start":{"line":15,"column":14},"end":{"line":15,"column":54}},"type":"if","locations":[{"start":{"line":15,"column":14},"end":{"line":15,"column":54}},{"start":{},"end":{}}],"line":15}},"s":{"0":0,"1":0,"2":0,"3":0,"4":0,"5":0},"f":{"0":0,"1":0,"2":0},"b":{"0":[0,0]}}
,"/Users/mac/Desktop/keephy/keephy_enhanced/keephy_web_app/components/ContactForm.tsx": {"path":"/Users/mac/Desktop/keephy/keephy_enhanced/keephy_web_app/components/ContactForm.tsx","statementMap":{"0":{"start":{"line":17,"column":23},"end":{"line":22,"column":3}},"1":{"start":{"line":18,"column":4},"end":{"line":21,"column":7}},"2":{"start":{"line":24,"column":2},"end":{"line":77,"column":4}},"3":{"start":{"line":35,"column":27},"end":{"line":35,"column":63}},"4":{"start":{"line":57,"column":27},"end":{"line":57,"column":64}}},"fnMap":{"0":{"name":"ContactForm","decl":{"start":{"line":16,"column":16},"end":{"line":16,"column":27}},"loc":{"start":{"line":16,"column":81},"end":{"line":78,"column":1}},"line":16},"1":{"name":"(anonymous_1)","decl":{"start":{"line":17,"column":23},"end":{"line":17,"column":24}},"loc":{"start":{"line":17,"column":68},"end":{"line":22,"column":3}},"line":17},"2":{"name":"(anonymous_2)","decl":{"start":{"line":35,"column":20},"end":{"line":35,"column":21}},"loc":{"start":{"line":35,"column":27},"end":{"line":35,"column":63}},"line":35},"3":{"name":"(anonymous_3)","decl":{"start":{"line":57,"column":20},"end":{"line":57,"column":21}},"loc":{"start":{"line":57,"column":27},"end":{"line":57,"column":64}},"line":57}},"branchMap":{"0":{"loc":{"start":{"line":39,"column":14},"end":{"line":39,"column":64}},"type":"cond-expr","locations":[{"start":{"line":39,"column":28},"end":{"line":39,"column":44}},{"start":{"line":39,"column":47},"end":{"line":39,"column":64}}],"line":39},"1":{"loc":{"start":{"line":43,"column":9},"end":{"line":45,"column":9}},"type":"binary-expr","locations":[{"start":{"line":43,"column":9},"end":{"line":43,"column":20}},{"start":{"line":44,"column":10},"end":{"line":44,"column":68}}],"line":43},"2":{"loc":{"start":{"line":61,"column":14},"end":{"line":61,"column":65}},"type":"cond-expr","locations":[{"start":{"line":61,"column":29},"end":{"line":61,"column":45}},{"start":{"line":61,"column":48},"end":{"line":61,"column":65}}],"line":61},"3":{"loc":{"start":{"line":65,"column":9},"end":{"line":67,"column":9}},"type":"binary-expr","locations":[{"start":{"line":65,"column":9},"end":{"line":65,"column":21}},{"start":{"line":66,"column":10},"end":{"line":66,"column":69}}],"line":65}},"s":{"0":0,"1":0,"2":0,"3":0,"4":0},"f":{"0":0,"1":0,"2":0,"3":0},"b":{"0":[0,0],"1":[0,0],"2":[0,0],"3":[0,0]}}
,"/Users/mac/Desktop/keephy/keephy_enhanced/keephy_web_app/components/ContactUsForm.tsx": {"path":"/Users/mac/Desktop/keephy/keephy_enhanced/keephy_web_app/components/ContactUsForm.tsx","statementMap":{"0":{"start":{"line":6,"column":32},"end":{"line":112,"column":1}},"1":{"start":{"line":7,"column":12},"end":{"line":7,"column":29}},"2":{"start":{"line":8,"column":34},"end":{"line":13,"column":4}},"3":{"start":{"line":15,"column":23},"end":{"line":19,"column":3}},"4":{"start":{"line":16,"column":4},"end":{"line":16,"column":23}},"5":{"start":{"line":18,"column":4},"end":{"line":18,"column":45}},"6":{"start":{"line":21,"column":23},"end":{"line":26,"column":3}},"7":{"start":{"line":22,"column":4},"end":{"line":25,"column":7}},"8":{"start":{"line":28,"column":2},"end":{"line":111,"column":4}}},"fnMap":{"0":{"name":"(anonymous_0)","decl":{"start":{"line":6,"column":32},"end":{"line":6,"column":33}},"loc":{"start":{"line":6,"column":38},"end":{"line":112,"column":1}},"line":6},"1":{"name":"(anonymous_1)","decl":{"start":{"line":15,"column":23},"end":{"line":15,"column":24}},"loc":{"start":{"line":15,"column":47},"end":{"line":19,"column":3}},"line":15},"2":{"name":"(anonymous_2)","decl":{"start":{"line":21,"column":23},"end":{"line":21,"column":24}},"loc":{"start":{"line":21,"column":89},"end":{"line":26,"column":3}},"line":21}},"branchMap":{},"s":{"0":0,"1":0,"2":0,"3":0,"4":0,"5":0,"6":0,"7":0,"8":0},"f":{"0":0,"1":0,"2":0},"b":{}}
,"/Users/mac/Desktop/keephy/keephy_enhanced/keephy_web_app/components/ErrorBoundary.tsx": {"path":"/Users/mac/Desktop/keephy/keephy_enhanced/keephy_web_app/components/ErrorBoundary.tsx","statementMap":{"0":{"start":{"line":18,"column":4},"end":{"line":18,"column":17}},"1":{"start":{"line":19,"column":4},"end":{"line":19,"column":37}},"2":{"start":{"line":23,"column":4},"end":{"line":23,"column":37}},"3":{"start":{"line":27,"column":4},"end":{"line":27,"column":70}},"4":{"start":{"line":28,"column":4},"end":{"line":28,"column":40}},"5":{"start":{"line":31,"column":4},"end":{"line":52,"column":5}},"6":{"start":{"line":32,"column":6},"end":{"line":51,"column":7}},"7":{"start":{"line":33,"column":23},"end":{"line":44,"column":10}},"8":{"start":{"line":46,"column":8},"end":{"line":48,"column":9}},"9":{"start":{"line":47,"column":10},"end":{"line":47,"column":42}},"10":{"start":{"line":56,"column":4},"end":{"line":92,"column":5}},"11":{"start":{"line":57,"column":6},"end":{"line":91,"column":8}},"12":{"start":{"line":74,"column":31},"end":{"line":74,"column":55}},"13":{"start":{"line":94,"column":4},"end":{"line":94,"column":31}}},"fnMap":{"0":{"name":"(anonymous_0)","decl":{"start":{"line":17,"column":2},"end":{"line":17,"column":3}},"loc":{"start":{"line":17,"column":28},"end":{"line":20,"column":3}},"line":17},"1":{"name":"(anonymous_1)","decl":{"start":{"line":22,"column":2},"end":{"line":22,"column":3}},"loc":{"start":{"line":22,"column":55},"end":{"line":24,"column":3}},"line":22},"2":{"name":"(anonymous_2)","decl":{"start":{"line":26,"column":2},"end":{"line":26,"column":3}},"loc":{"start":{"line":26,"column":56},"end":{"line":53,"column":3}},"line":26},"3":{"name":"(anonymous_3)","decl":{"start":{"line":47,"column":32},"end":{"line":47,"column":33}},"loc":{"start":{"line":47,"column":38},"end":{"line":47,"column":40}},"line":47},"4":{"name":"(anonymous_4)","decl":{"start":{"line":55,"column":2},"end":{"line":55,"column":3}},"loc":{"start":{"line":55,"column":11},"end":{"line":95,"column":3}},"line":55},"5":{"name":"(anonymous_5)","decl":{"start":{"line":74,"column":25},"end":{"line":74,"column":26}},"loc":{"start":{"line":74,"column":31},"end":{"line":74,"column":55}},"line":74}},"branchMap":{"0":{"loc":{"start":{"line":31,"column":4},"end":{"line":52,"column":5}},"type":"if","locations":[{"start":{"line":31,"column":4},"end":{"line":52,"column":5}},{"start":{},"end":{}}],"line":31},"1":{"loc":{"start":{"line":31,"column":8},"end":{"line":31,"column":68}},"type":"binary-expr","locations":[{"start":{"line":31,"column":8},"end":{"line":31,"column":37}},{"start":{"line":31,"column":41},"end":{"line":31,"column":68}}],"line":31},"2":{"loc":{"start":{"line":46,"column":8},"end":{"line":48,"column":9}},"type":"if","locations":[{"start":{"line":46,"column":8},"end":{"line":48,"column":9}},{"start":{},"end":{}}],"line":46},"3":{"loc":{"start":{"line":46,"column":12},"end":{"line":46,"column":65}},"type":"binary-expr","locations":[{"start":{"line":46,"column":12},"end":{"line":46,"column":18}},{"start":{"line":46,"column":22},"end":{"line":46,"column":65}}],"line":46},"4":{"loc":{"start":{"line":56,"column":4},"end":{"line":92,"column":5}},"type":"if","locations":[{"start":{"line":56,"column":4},"end":{"line":92,"column":5}},{"start":{},"end":{}}],"line":56},"5":{"loc":{"start":{"line":57,"column":13},"end":{"line":91,"column":7}},"type":"binary-expr","locations":[{"start":{"line":57,"column":13},"end":{"line":57,"column":32}},{"start":{"line":58,"column":8},"end":{"line":90,"column":14}}],"line":57},"6":{"loc":{"start":{"line":81,"column":13},"end":{"line":88,"column":13}},"type":"binary-expr","locations":[{"start":{"line":81,"column":13},"end":{"line":81,"column":51}},{"start":{"line":81,"column":55},"end":{"line":81,"column":71}},{"start":{"line":82,"column":14},"end":{"line":87,"column":24}}],"line":81}},"s":{"0":12,"1":11,"2":10,"3":5,"4":5,"5":5,"6":5,"7":5,"8":5,"9":0,"10":26,"11":15,"12":1,"13":11},"f":{"0":12,"1":10,"2":5,"3":0,"4":26,"5":1},"b":{"0":[5,0],"1":[5,5],"2":[0,5],"3":[5,0],"4":[15,11],"5":[15,12],"6":[12,3,3]},"_coverageSchema":"1a1c01bbd47fc00a2c39e90264f33305004495a9","hash":"415d9a696ae38b3fae07ccafb790ddbae4bae9db"}
,"/Users/mac/Desktop/keephy/keephy_enhanced/keephy_web_app/components/ErrorMessage.tsx": {"path":"/Users/mac/Desktop/keephy/keephy_enhanced/keephy_web_app/components/ErrorMessage.tsx","statementMap":{"0":{"start":{"line":19,"column":2},"end":{"line":41,"column":4}}},"fnMap":{"0":{"name":"ErrorMessage","decl":{"start":{"line":13,"column":16},"end":{"line":13,"column":28}},"loc":{"start":{"line":18,"column":22},"end":{"line":42,"column":1}},"line":18}},"branchMap":{"0":{"loc":{"start":{"line":16,"column":2},"end":{"line":16,"column":18}},"type":"default-arg","locations":[{"start":{"line":16,"column":14},"end":{"line":16,"column":18}}],"line":16},"1":{"loc":{"start":{"line":17,"column":2},"end":{"line":17,"column":17}},"type":"default-arg","locations":[{"start":{"line":17,"column":13},"end":{"line":17,"column":17}}],"line":17},"2":{"loc":{"start":{"line":26,"column":9},"end":{"line":31,"column":9}},"type":"binary-expr","locations":[{"start":{"line":26,"column":9},"end":{"line":26,"column":18}},{"start":{"line":26,"column":22},"end":{"line":26,"column":29}},{"start":{"line":27,"column":10},"end":{"line":30,"column":19}}],"line":26},"3":{"loc":{"start":{"line":33,"column":9},"end":{"line":38,"column":9}},"type":"binary-expr","locations":[{"start":{"line":33,"column":9},"end":{"line":33,"column":17}},{"start":{"line":34,"column":10},"end":{"line":37,"column":17}}],"line":33}},"s":{"0":0},"f":{"0":0},"b":{"0":[0],"1":[0],"2":[0,0,0],"3":[0,0]}}
,"/Users/mac/Desktop/keephy/keephy_enhanced/keephy_web_app/components/FreeTrial.tsx": {"path":"/Users/mac/Desktop/keephy/keephy_enhanced/keephy_web_app/components/FreeTrial.tsx","statementMap":{"0":{"start":{"line":6,"column":28},"end":{"line":51,"column":1}},"1":{"start":{"line":7,"column":12},"end":{"line":7,"column":29}},"2":{"start":{"line":8,"column":28},"end":{"line":8,"column":40}},"3":{"start":{"line":10,"column":23},"end":{"line":14,"column":3}},"4":{"start":{"line":11,"column":4},"end":{"line":11,"column":23}},"5":{"start":{"line":13,"column":4},"end":{"line":13,"column":45}},"6":{"start":{"line":16,"column":2},"end":{"line":50,"column":4}},"7":{"start":{"line":31,"column":31},"end":{"line":31,"column":55}}},"fnMap":{"0":{"name":"(anonymous_0)","decl":{"start":{"line":6,"column":28},"end":{"line":6,"column":29}},"loc":{"start":{"line":6,"column":34},"end":{"line":51,"column":1}},"line":6},"1":{"name":"(anonymous_1)","decl":{"start":{"line":10,"column":23},"end":{"line":10,"column":24}},"loc":{"start":{"line":10,"column":47},"end":{"line":14,"column":3}},"line":10},"2":{"name":"(anonymous_2)","decl":{"start":{"line":31,"column":24},"end":{"line":31,"column":25}},"loc":{"start":{"line":31,"column":31},"end":{"line":31,"column":55}},"line":31}},"branchMap":{},"s":{"0":0,"1":0,"2":0,"3":0,"4":0,"5":0,"6":0,"7":0},"f":{"0":0,"1":0,"2":0},"b":{}}
,"/Users/mac/Desktop/keephy/keephy_enhanced/keephy_web_app/components/KeyFeatureImage.tsx": {"path":"/Users/mac/Desktop/keephy/keephy_enhanced/keephy_web_app/components/KeyFeatureImage.tsx","statementMap":{"0":{"start":{"line":5,"column":34},"end":{"line":19,"column":1}},"1":{"start":{"line":6,"column":2},"end":{"line":18,"column":4}}},"fnMap":{"0":{"name":"(anonymous_0)","decl":{"start":{"line":5,"column":34},"end":{"line":5,"column":35}},"loc":{"start":{"line":5,"column":40},"end":{"line":19,"column":1}},"line":5}},"branchMap":{},"s":{"0":0,"1":0},"f":{"0":0},"b":{}}
,"/Users/mac/Desktop/keephy/keephy_enhanced/keephy_web_app/components/LandingPageHead.tsx": {"path":"/Users/mac/Desktop/keephy/keephy_enhanced/keephy_web_app/components/LandingPageHead.tsx","statementMap":{"0":{"start":{"line":6,"column":34},"end":{"line":31,"column":1}},"1":{"start":{"line":7,"column":12},"end":{"line":7,"column":29}},"2":{"start":{"line":9,"column":2},"end":{"line":30,"column":4}}},"fnMap":{"0":{"name":"(anonymous_0)","decl":{"start":{"line":6,"column":34},"end":{"line":6,"column":35}},"loc":{"start":{"line":6,"column":40},"end":{"line":31,"column":1}},"line":6}},"branchMap":{},"s":{"0":0,"1":0,"2":0},"f":{"0":0},"b":{}}
,"/Users/mac/Desktop/keephy/keephy_enhanced/keephy_web_app/components/LoadingSpinner.tsx": {"path":"/Users/mac/Desktop/keephy/keephy_enhanced/keephy_web_app/components/LoadingSpinner.tsx","statementMap":{"0":{"start":{"line":9,"column":22},"end":{"line":13,"column":3}},"1":{"start":{"line":15,"column":2},"end":{"line":24,"column":4}}},"fnMap":{"0":{"name":"LoadingSpinner","decl":{"start":{"line":8,"column":16},"end":{"line":8,"column":30}},"loc":{"start":{"line":8,"column":75},"end":{"line":25,"column":1}},"line":8}},"branchMap":{"0":{"loc":{"start":{"line":8,"column":33},"end":{"line":8,"column":44}},"type":"default-arg","locations":[{"start":{"line":8,"column":40},"end":{"line":8,"column":44}}],"line":8},"1":{"loc":{"start":{"line":19,"column":9},"end":{"line":21,"column":9}},"type":"binary-expr","locations":[{"start":{"line":19,"column":9},"end":{"line":19,"column":13}},{"start":{"line":20,"column":10},"end":{"line":20,"column":48}}],"line":19}},"s":{"0":0,"1":0},"f":{"0":0},"b":{"0":[0],"1":[0,0]}}
,"/Users/mac/Desktop/keephy/keephy_enhanced/keephy_web_app/components/MultipleChoiceQuestion.tsx": {"path":"/Users/mac/Desktop/keephy/keephy_enhanced/keephy_web_app/components/MultipleChoiceQuestion.tsx","statementMap":{"0":{"start":{"line":27,"column":24},"end":{"line":27,"column":62}},"1":{"start":{"line":29,"column":2},"end":{"line":67,"column":4}},"2":{"start":{"line":38,"column":10},"end":{"line":59,"column":18}},"3":{"start":{"line":53,"column":31},"end":{"line":53,"column":55}}},"fnMap":{"0":{"name":"MultipleChoiceQuestion","decl":{"start":{"line":20,"column":16},"end":{"line":20,"column":38}},"loc":{"start":{"line":26,"column":32},"end":{"line":68,"column":1}},"line":26},"1":{"name":"(anonymous_1)","decl":{"start":{"line":37,"column":21},"end":{"line":37,"column":22}},"loc":{"start":{"line":38,"column":10},"end":{"line":59,"column":18}},"line":38},"2":{"name":"(anonymous_2)","decl":{"start":{"line":53,"column":24},"end":{"line":53,"column":25}},"loc":{"start":{"line":53,"column":31},"end":{"line":53,"column":55}},"line":53}},"branchMap":{"0":{"loc":{"start":{"line":27,"column":24},"end":{"line":27,"column":62}},"type":"cond-expr","locations":[{"start":{"line":27,"column":52},"end":{"line":27,"column":57}},{"start":{"line":27,"column":60},"end":{"line":27,"column":62}}],"line":27},"1":{"loc":{"start":{"line":33,"column":9},"end":{"line":33,"column":74}},"type":"binary-expr","locations":[{"start":{"line":33,"column":9},"end":{"line":33,"column":26}},{"start":{"line":33,"column":30},"end":{"line":33,"column":74}}],"line":33},"2":{"loc":{"start":{"line":42,"column":16},"end":{"line":44,"column":57}},"type":"cond-expr","locations":[{"start":{"line":43,"column":18},"end":{"line":43,"column":52}},{"start":{"line":44,"column":18},"end":{"line":44,"column":57}}],"line":42},"3":{"loc":{"start":{"line":63,"column":7},"end":{"line":65,"column":7}},"type":"binary-expr","locations":[{"start":{"line":63,"column":7},"end":{"line":63,"column":12}},{"start":{"line":64,"column":8},"end":{"line":64,"column":55}}],"line":63}},"s":{"0":0,"1":0,"2":0,"3":0},"f":{"0":0,"1":0,"2":0},"b":{"0":[0,0],"1":[0,0],"2":[0,0],"3":[0,0]}}
,"/Users/mac/Desktop/keephy/keephy_enhanced/keephy_web_app/components/RatingForm.tsx": {"path":"/Users/mac/Desktop/keephy/keephy_enhanced/keephy_web_app/components/RatingForm.tsx","statementMap":{"0":{"start":{"line":48,"column":36},"end":{"line":48,"column":84}},"1":{"start":{"line":49,"column":40},"end":{"line":49,"column":73}},"2":{"start":{"line":50,"column":42},"end":{"line":50,"column":57}},"3":{"start":{"line":51,"column":30},"end":{"line":51,"column":69}},"4":{"start":{"line":53,"column":31},"end":{"line":66,"column":3}},"5":{"start":{"line":54,"column":4},"end":{"line":57,"column":8}},"6":{"start":{"line":54,"column":26},"end":{"line":57,"column":5}},"7":{"start":{"line":60,"column":4},"end":{"line":65,"column":5}},"8":{"start":{"line":61,"column":6},"end":{"line":64,"column":10}},"9":{"start":{"line":61,"column":25},"end":{"line":64,"column":7}},"10":{"start":{"line":68,"column":23},"end":{"line":90,"column":3}},"11":{"start":{"line":69,"column":49},"end":{"line":69,"column":51}},"12":{"start":{"line":71,"column":4},"end":{"line":75,"column":7}},"13":{"start":{"line":72,"column":6},"end":{"line":74,"column":7}},"14":{"start":{"line":73,"column":8},"end":{"line":73,"column":62}},"15":{"start":{"line":77,"column":4},"end":{"line":86,"column":5}},"16":{"start":{"line":78,"column":6},"end":{"line":80,"column":7}},"17":{"start":{"line":79,"column":8},"end":{"line":79,"column":44}},"18":{"start":{"line":81,"column":6},"end":{"line":85,"column":7}},"19":{"start":{"line":82,"column":8},"end":{"line":82,"column":46}},"20":{"start":{"line":83,"column":13},"end":{"line":85,"column":7}},"21":{"start":{"line":84,"column":8},"end":{"line":84,"column":63}},"22":{"start":{"line":88,"column":4},"end":{"line":88,"column":25}},"23":{"start":{"line":89,"column":4},"end":{"line":89,"column":47}},"24":{"start":{"line":92,"column":23},"end":{"line":122,"column":3}},"25":{"start":{"line":93,"column":4},"end":{"line":93,"column":23}},"26":{"start":{"line":95,"column":4},"end":{"line":97,"column":5}},"27":{"start":{"line":96,"column":6},"end":{"line":96,"column":13}},"28":{"start":{"line":99,"column":4},"end":{"line":99,"column":26}},"29":{"start":{"line":101,"column":4},"end":{"line":121,"column":5}},"30":{"start":{"line":102,"column":45},"end":{"line":109,"column":7}},"31":{"start":{"line":104,"column":76},"end":{"line":107,"column":9}},"32":{"start":{"line":111,"column":6},"end":{"line":113,"column":7}},"33":{"start":{"line":112,"column":8},"end":{"line":112,"column":49}},"34":{"start":{"line":115,"column":6},"end":{"line":115,"column":37}},"35":{"start":{"line":117,"column":6},"end":{"line":117,"column":48}},"36":{"start":{"line":120,"column":6},"end":{"line":120,"column":29}},"37":{"start":{"line":124,"column":25},"end":{"line":144,"column":3}},"38":{"start":{"line":125,"column":24},"end":{"line":130,"column":5}},"39":{"start":{"line":128,"column":45},"end":{"line":128,"column":87}},"40":{"start":{"line":132,"column":4},"end":{"line":143,"column":5}},"41":{"start":{"line":134,"column":8},"end":{"line":134,"column":51}},"42":{"start":{"line":136,"column":8},"end":{"line":136,"column":49}},"43":{"start":{"line":138,"column":8},"end":{"line":138,"column":92}},"44":{"start":{"line":140,"column":8},"end":{"line":140,"column":50}},"45":{"start":{"line":142,"column":8},"end":{"line":142,"column":49}},"46":{"start":{"line":146,"column":2},"end":{"line":203,"column":4}},"47":{"start":{"line":151,"column":26},"end":{"line":151,"column":43}},"48":{"start":{"line":153,"column":12},"end":{"line":155,"column":18}}},"fnMap":{"0":{"name":"RatingForm","decl":{"start":{"line":47,"column":16},"end":{"line":47,"column":26}},"loc":{"start":{"line":47,"column":64},"end":{"line":204,"column":1}},"line":47},"1":{"name":"(anonymous_1)","decl":{"start":{"line":53,"column":31},"end":{"line":53,"column":32}},"loc":{"start":{"line":53,"column":80},"end":{"line":66,"column":3}},"line":53},"2":{"name":"(anonymous_2)","decl":{"start":{"line":54,"column":17},"end":{"line":54,"column":18}},"loc":{"start":{"line":54,"column":26},"end":{"line":57,"column":5}},"line":54},"3":{"name":"(anonymous_3)","decl":{"start":{"line":61,"column":16},"end":{"line":61,"column":17}},"loc":{"start":{"line":61,"column":25},"end":{"line":64,"column":7}},"line":61},"4":{"name":"(anonymous_4)","decl":{"start":{"line":68,"column":23},"end":{"line":68,"column":24}},"loc":{"start":{"line":68,"column":29},"end":{"line":90,"column":3}},"line":68},"5":{"name":"(anonymous_5)","decl":{"start":{"line":71,"column":27},"end":{"line":71,"column":28}},"loc":{"start":{"line":71,"column":39},"end":{"line":75,"column":5}},"line":71},"6":{"name":"(anonymous_6)","decl":{"start":{"line":92,"column":23},"end":{"line":92,"column":24}},"loc":{"start":{"line":92,"column":53},"end":{"line":122,"column":3}},"line":92},"7":{"name":"(anonymous_7)","decl":{"start":{"line":104,"column":49},"end":{"line":104,"column":50}},"loc":{"start":{"line":104,"column":76},"end":{"line":107,"column":9}},"line":104},"8":{"name":"(anonymous_8)","decl":{"start":{"line":124,"column":25},"end":{"line":124,"column":26}},"loc":{"start":{"line":124,"column":49},"end":{"line":144,"column":3}},"line":124},"9":{"name":"(anonymous_9)","decl":{"start":{"line":128,"column":16},"end":{"line":128,"column":17}},"loc":{"start":{"line":128,"column":45},"end":{"line":128,"column":87}},"line":128},"10":{"name":"(anonymous_10)","decl":{"start":{"line":151,"column":16},"end":{"line":151,"column":17}},"loc":{"start":{"line":151,"column":26},"end":{"line":151,"column":43}},"line":151},"11":{"name":"(anonymous_11)","decl":{"start":{"line":152,"column":15},"end":{"line":152,"column":16}},"loc":{"start":{"line":153,"column":12},"end":{"line":155,"column":18}},"line":153}},"branchMap":{"0":{"loc":{"start":{"line":60,"column":4},"end":{"line":65,"column":5}},"type":"if","locations":[{"start":{"line":60,"column":4},"end":{"line":65,"column":5}},{"start":{},"end":{}}],"line":60},"1":{"loc":{"start":{"line":72,"column":6},"end":{"line":74,"column":7}},"type":"if","locations":[{"start":{"line":72,"column":6},"end":{"line":74,"column":7}},{"start":{},"end":{}}],"line":72},"2":{"loc":{"start":{"line":72,"column":10},"end":{"line":72,"column":55}},"type":"binary-expr","locations":[{"start":{"line":72,"column":10},"end":{"line":72,"column":27}},{"start":{"line":72,"column":31},"end":{"line":72,"column":55}}],"line":72},"3":{"loc":{"start":{"line":77,"column":4},"end":{"line":86,"column":5}},"type":"if","locations":[{"start":{"line":77,"column":4},"end":{"line":86,"column":5}},{"start":{},"end":{}}],"line":77},"4":{"loc":{"start":{"line":78,"column":6},"end":{"line":80,"column":7}},"type":"if","locations":[{"start":{"line":78,"column":6},"end":{"line":80,"column":7}},{"start":{},"end":{}}],"line":78},"5":{"loc":{"start":{"line":81,"column":6},"end":{"line":85,"column":7}},"type":"if","locations":[{"start":{"line":81,"column":6},"end":{"line":85,"column":7}},{"start":{"line":83,"column":13},"end":{"line":85,"column":7}}],"line":81},"6":{"loc":{"start":{"line":83,"column":13},"end":{"line":85,"column":7}},"type":"if","locations":[{"start":{"line":83,"column":13},"end":{"line":85,"column":7}},{"start":{},"end":{}}],"line":83},"7":{"loc":{"start":{"line":95,"column":4},"end":{"line":97,"column":5}},"type":"if","locations":[{"start":{"line":95,"column":4},"end":{"line":97,"column":5}},{"start":{},"end":{}}],"line":95},"8":{"loc":{"start":{"line":111,"column":6},"end":{"line":113,"column":7}},"type":"if","locations":[{"start":{"line":111,"column":6},"end":{"line":113,"column":7}},{"start":{},"end":{}}],"line":111},"9":{"loc":{"start":{"line":127,"column":13},"end":{"line":127,"column":42}},"type":"binary-expr","locations":[{"start":{"line":127,"column":13},"end":{"line":127,"column":36}},{"start":{"line":127,"column":40},"end":{"line":127,"column":42}}],"line":127},"10":{"loc":{"start":{"line":132,"column":4},"end":{"line":143,"column":5}},"type":"switch","locations":[{"start":{"line":133,"column":6},"end":{"line":134,"column":51}},{"start":{"line":135,"column":6},"end":{"line":136,"column":49}},{"start":{"line":137,"column":6},"end":{"line":138,"column":92}},{"start":{"line":139,"column":6},"end":{"line":140,"column":50}},{"start":{"line":141,"column":6},"end":{"line":142,"column":49}}],"line":132},"11":{"loc":{"start":{"line":138,"column":65},"end":{"line":138,"column":87}},"type":"binary-expr","locations":[{"start":{"line":138,"column":65},"end":{"line":138,"column":81}},{"start":{"line":138,"column":85},"end":{"line":138,"column":87}}],"line":138},"12":{"loc":{"start":{"line":160,"column":7},"end":{"line":171,"column":7}},"type":"binary-expr","locations":[{"start":{"line":160,"column":7},"end":{"line":160,"column":35}},{"start":{"line":161,"column":8},"end":{"line":170,"column":14}}],"line":160},"13":{"loc":{"start":{"line":180,"column":14},"end":{"line":182,"column":128}},"type":"cond-expr","locations":[{"start":{"line":181,"column":16},"end":{"line":181,"column":48}},{"start":{"line":182,"column":16},"end":{"line":182,"column":128}}],"line":180},"14":{"loc":{"start":{"line":187,"column":11},"end":{"line":199,"column":11}},"type":"cond-expr","locations":[{"start":{"line":188,"column":12},"end":{"line":193,"column":15}},{"start":{"line":195,"column":12},"end":{"line":198,"column":15}}],"line":187}},"s":{"0":0,"1":0,"2":0,"3":0,"4":0,"5":0,"6":0,"7":0,"8":0,"9":0,"10":0,"11":0,"12":0,"13":0,"14":0,"15":0,"16":0,"17":0,"18":0,"19":0,"20":0,"21":0,"22":0,"23":0,"24":0,"25":0,"26":0,"27":0,"28":0,"29":0,"30":0,"31":0,"32":0,"33":0,"34":0,"35":0,"36":0,"37":0,"38":0,"39":0,"40":0,"41":0,"42":0,"43":0,"44":0,"45":0,"46":0,"47":0,"48":0},"f":{"0":0,"1":0,"2":0,"3":0,"4":0,"5":0,"6":0,"7":0,"8":0,"9":0,"10":0,"11":0},"b":{"0":[0,0],"1":[0,0],"2":[0,0],"3":[0,0],"4":[0,0],"5":[0,0],"6":[0,0],"7":[0,0],"8":[0,0],"9":[0,0],"10":[0,0,0,0,0],"11":[0,0],"12":[0,0],"13":[0,0],"14":[0,0]}}
,"/Users/mac/Desktop/keephy/keephy_enhanced/keephy_web_app/components/RatingQuestion.tsx": {"path":"/Users/mac/Desktop/keephy/keephy_enhanced/keephy_web_app/components/RatingQuestion.tsx","statementMap":{"0":{"start":{"line":17,"column":17},"end":{"line":17,"column":54}},"1":{"start":{"line":18,"column":20},"end":{"line":18,"column":21}},"2":{"start":{"line":20,"column":28},"end":{"line":22,"column":3}},"3":{"start":{"line":21,"column":4},"end":{"line":21,"column":29}},"4":{"start":{"line":24,"column":23},"end":{"line":29,"column":3}},"5":{"start":{"line":25,"column":4},"end":{"line":27,"column":5}},"6":{"start":{"line":26,"column":6},"end":{"line":26,"column":31}},"7":{"start":{"line":28,"column":4},"end":{"line":28,"column":27}},"8":{"start":{"line":31,"column":2},"end":{"line":73,"column":4}},"9":{"start":{"line":40,"column":10},"end":{"line":51,"column":19}},"10":{"start":{"line":43,"column":27},"end":{"line":43,"column":55}}},"fnMap":{"0":{"name":"RatingQuestion","decl":{"start":{"line":16,"column":16},"end":{"line":16,"column":30}},"loc":{"start":{"line":16,"column":90},"end":{"line":74,"column":1}},"line":16},"1":{"name":"(anonymous_1)","decl":{"start":{"line":20,"column":28},"end":{"line":20,"column":29}},"loc":{"start":{"line":20,"column":56},"end":{"line":22,"column":3}},"line":20},"2":{"name":"(anonymous_2)","decl":{"start":{"line":24,"column":23},"end":{"line":24,"column":24}},"loc":{"start":{"line":24,"column":46},"end":{"line":29,"column":3}},"line":24},"3":{"name":"(anonymous_3)","decl":{"start":{"line":39,"column":43},"end":{"line":39,"column":44}},"loc":{"start":{"line":40,"column":10},"end":{"line":51,"column":19}},"line":40},"4":{"name":"(anonymous_4)","decl":{"start":{"line":43,"column":21},"end":{"line":43,"column":22}},"loc":{"start":{"line":43,"column":27},"end":{"line":43,"column":55}},"line":43}},"branchMap":{"0":{"loc":{"start":{"line":17,"column":17},"end":{"line":17,"column":54}},"type":"cond-expr","locations":[{"start":{"line":17,"column":45},"end":{"line":17,"column":50}},{"start":{"line":17,"column":53},"end":{"line":17,"column":54}}],"line":17},"1":{"loc":{"start":{"line":25,"column":4},"end":{"line":27,"column":5}},"type":"if","locations":[{"start":{"line":25,"column":4},"end":{"line":27,"column":5}},{"start":{},"end":{}}],"line":25},"2":{"loc":{"start":{"line":35,"column":9},"end":{"line":35,"column":74}},"type":"binary-expr","locations":[{"start":{"line":35,"column":9},"end":{"line":35,"column":26}},{"start":{"line":35,"column":30},"end":{"line":35,"column":74}}],"line":35},"3":{"loc":{"start":{"line":62,"column":7},"end":{"line":66,"column":7}},"type":"binary-expr","locations":[{"start":{"line":62,"column":7},"end":{"line":62,"column":17}},{"start":{"line":63,"column":8},"end":{"line":65,"column":14}}],"line":62},"4":{"loc":{"start":{"line":69,"column":7},"end":{"line":71,"column":7}},"type":"binary-expr","locations":[{"start":{"line":69,"column":7},"end":{"line":69,"column":12}},{"start":{"line":70,"column":8},"end":{"line":70,"column":60}}],"line":69}},"s":{"0":0,"1":0,"2":0,"3":0,"4":0,"5":0,"6":0,"7":0,"8":0,"9":0,"10":0},"f":{"0":0,"1":0,"2":0,"3":0,"4":0},"b":{"0":[0,0],"1":[0,0],"2":[0,0],"3":[0,0],"4":[0,0]}}
,"/Users/mac/Desktop/keephy/keephy_enhanced/keephy_web_app/components/TextQuestion.tsx": {"path":"/Users/mac/Desktop/keephy/keephy_enhanced/keephy_web_app/components/TextQuestion.tsx","statementMap":{"0":{"start":{"line":15,"column":20},"end":{"line":15,"column":58}},"1":{"start":{"line":17,"column":2},"end":{"line":40,"column":4}},"2":{"start":{"line":26,"column":25},"end":{"line":26,"column":49}}},"fnMap":{"0":{"name":"TextQuestion","decl":{"start":{"line":14,"column":16},"end":{"line":14,"column":28}},"loc":{"start":{"line":14,"column":86},"end":{"line":41,"column":1}},"line":14},"1":{"name":"(anonymous_1)","decl":{"start":{"line":26,"column":18},"end":{"line":26,"column":19}},"loc":{"start":{"line":26,"column":25},"end":{"line":26,"column":49}},"line":26}},"branchMap":{"0":{"loc":{"start":{"line":15,"column":20},"end":{"line":15,"column":58}},"type":"cond-expr","locations":[{"start":{"line":15,"column":48},"end":{"line":15,"column":53}},{"start":{"line":15,"column":56},"end":{"line":15,"column":58}}],"line":15},"1":{"loc":{"start":{"line":21,"column":9},"end":{"line":21,"column":74}},"type":"binary-expr","locations":[{"start":{"line":21,"column":9},"end":{"line":21,"column":26}},{"start":{"line":21,"column":30},"end":{"line":21,"column":74}}],"line":21},"2":{"loc":{"start":{"line":31,"column":12},"end":{"line":31,"column":56}},"type":"cond-expr","locations":[{"start":{"line":31,"column":20},"end":{"line":31,"column":36}},{"start":{"line":31,"column":39},"end":{"line":31,"column":56}}],"line":31},"3":{"loc":{"start":{"line":36,"column":7},"end":{"line":38,"column":7}},"type":"binary-expr","locations":[{"start":{"line":36,"column":7},"end":{"line":36,"column":12}},{"start":{"line":37,"column":8},"end":{"line":37,"column":55}}],"line":36}},"s":{"0":0,"1":0,"2":0},"f":{"0":0,"1":0},"b":{"0":[0,0],"1":[0,0],"2":[0,0],"3":[0,0]}}
,"/Users/mac/Desktop/keephy/keephy_enhanced/keephy_web_app/components/ThankYouPage.tsx": {"path":"/Users/mac/Desktop/keephy/keephy_enhanced/keephy_web_app/components/ThankYouPage.tsx","statementMap":{"0":{"start":{"line":12,"column":2},"end":{"line":68,"column":4}}},"fnMap":{"0":{"name":"ThankYouPage","decl":{"start":{"line":11,"column":16},"end":{"line":11,"column":28}},"loc":{"start":{"line":11,"column":75},"end":{"line":69,"column":1}},"line":11}},"branchMap":{"0":{"loc":{"start":{"line":27,"column":13},"end":{"line":27,"column":72}},"type":"binary-expr","locations":[{"start":{"line":27,"column":13},"end":{"line":27,"column":20}},{"start":{"line":27,"column":24},"end":{"line":27,"column":72}}],"line":27},"1":{"loc":{"start":{"line":31,"column":11},"end":{"line":36,"column":11}},"type":"binary-expr","locations":[{"start":{"line":31,"column":11},"end":{"line":31,"column":23}},{"start":{"line":32,"column":12},"end":{"line":35,"column":18}}],"line":31}},"s":{"0":0},"f":{"0":0},"b":{"0":[0,0],"1":[0,0]}}
,"/Users/mac/Desktop/keephy/keephy_enhanced/keephy_web_app/components/YesNoQuestion.tsx": {"path":"/Users/mac/Desktop/keephy/keephy_enhanced/keephy_web_app/components/YesNoQuestion.tsx","statementMap":{"0":{"start":{"line":15,"column":24},"end":{"line":15,"column":62}},"1":{"start":{"line":17,"column":2},"end":{"line":66,"column":4}},"2":{"start":{"line":37,"column":29},"end":{"line":37,"column":53}},"3":{"start":{"line":55,"column":29},"end":{"line":55,"column":53}}},"fnMap":{"0":{"name":"YesNoQuestion","decl":{"start":{"line":14,"column":16},"end":{"line":14,"column":29}},"loc":{"start":{"line":14,"column":88},"end":{"line":67,"column":1}},"line":14},"1":{"name":"(anonymous_1)","decl":{"start":{"line":37,"column":22},"end":{"line":37,"column":23}},"loc":{"start":{"line":37,"column":29},"end":{"line":37,"column":53}},"line":37},"2":{"name":"(anonymous_2)","decl":{"start":{"line":55,"column":22},"end":{"line":55,"column":23}},"loc":{"start":{"line":55,"column":29},"end":{"line":55,"column":53}},"line":55}},"branchMap":{"0":{"loc":{"start":{"line":15,"column":24},"end":{"line":15,"column":62}},"type":"cond-expr","locations":[{"start":{"line":15,"column":52},"end":{"line":15,"column":57}},{"start":{"line":15,"column":60},"end":{"line":15,"column":62}}],"line":15},"1":{"loc":{"start":{"line":21,"column":9},"end":{"line":21,"column":74}},"type":"binary-expr","locations":[{"start":{"line":21,"column":9},"end":{"line":21,"column":26}},{"start":{"line":21,"column":30},"end":{"line":21,"column":74}}],"line":21},"2":{"loc":{"start":{"line":27,"column":12},"end":{"line":29,"column":53}},"type":"cond-expr","locations":[{"start":{"line":28,"column":14},"end":{"line":28,"column":48}},{"start":{"line":29,"column":14},"end":{"line":29,"column":53}}],"line":27},"3":{"loc":{"start":{"line":45,"column":12},"end":{"line":47,"column":53}},"type":"cond-expr","locations":[{"start":{"line":46,"column":14},"end":{"line":46,"column":48}},{"start":{"line":47,"column":14},"end":{"line":47,"column":53}}],"line":45},"4":{"loc":{"start":{"line":62,"column":7},"end":{"line":64,"column":7}},"type":"binary-expr","locations":[{"start":{"line":62,"column":7},"end":{"line":62,"column":12}},{"start":{"line":63,"column":8},"end":{"line":63,"column":55}}],"line":62}},"s":{"0":0,"1":0,"2":0,"3":0},"f":{"0":0,"1":0,"2":0},"b":{"0":[0,0],"1":[0,0],"2":[0,0],"3":[0,0],"4":[0,0]}}
,"/Users/mac/Desktop/keephy/keephy_enhanced/keephy_web_app/utils/routeChecker.ts": {"path":"/Users/mac/Desktop/keephy/keephy_enhanced/keephy_web_app/utils/routeChecker.ts","statementMap":{"0":{"start":{"line":14,"column":37},"end":{"line":53,"column":1}},"1":{"start":{"line":57,"column":29},"end":{"line":57,"column":31}},"2":{"start":{"line":60,"column":4},"end":{"line":62,"column":5}},"3":{"start":{"line":61,"column":6},"end":{"line":61,"column":49}},"4":{"start":{"line":63,"column":4},"end":{"line":63,"column":33}},"5":{"start":{"line":67,"column":4},"end":{"line":67,"column":21}},"6":{"start":{"line":70,"column":18},"end":{"line":70,"column":51}},"7":{"start":{"line":70,"column":35},"end":{"line":70,"column":50}},"8":{"start":{"line":71,"column":4},"end":{"line":74,"column":5}},"9":{"start":{"line":72,"column":6},"end":{"line":72,"column":73}},"10":{"start":{"line":73,"column":6},"end":{"line":73,"column":53}},"11":{"start":{"line":77,"column":4},"end":{"line":77,"column":47}},"12":{"start":{"line":80,"column":4},"end":{"line":80,"column":44}},"13":{"start":{"line":83,"column":4},"end":{"line":83,"column":37}},"14":{"start":{"line":85,"column":4},"end":{"line":85,"column":70}},"15":{"start":{"line":91,"column":28},"end":{"line":91,"column":89}},"16":{"start":{"line":92,"column":4},"end":{"line":94,"column":5}},"17":{"start":{"line":93,"column":6},"end":{"line":93,"column":88}},"18":{"start":{"line":98,"column":4},"end":{"line":106,"column":5}},"19":{"start":{"line":100,"column":6},"end":{"line":105,"column":7}},"20":{"start":{"line":101,"column":22},"end":{"line":101,"column":51}},"21":{"start":{"line":102,"column":8},"end":{"line":104,"column":9}},"22":{"start":{"line":103,"column":10},"end":{"line":103,"column":87}},"23":{"start":{"line":110,"column":4},"end":{"line":112,"column":5}},"24":{"start":{"line":111,"column":6},"end":{"line":111,"column":74}},"25":{"start":{"line":116,"column":32},"end":{"line":116,"column":34}},"26":{"start":{"line":117,"column":21},"end":{"line":117,"column":22}},"27":{"start":{"line":119,"column":4},"end":{"line":126,"column":7}},"28":{"start":{"line":120,"column":25},"end":{"line":120,"column":55}},"29":{"start":{"line":121,"column":6},"end":{"line":125,"column":7}},"30":{"start":{"line":122,"column":8},"end":{"line":122,"column":45}},"31":{"start":{"line":124,"column":8},"end":{"line":124,"column":21}},"32":{"start":{"line":128,"column":4},"end":{"line":132,"column":6}},"33":{"start":{"line":136,"column":4},"end":{"line":149,"column":7}},"34":{"start":{"line":137,"column":6},"end":{"line":140,"column":7}},"35":{"start":{"line":138,"column":8},"end":{"line":138,"column":23}},"36":{"start":{"line":139,"column":8},"end":{"line":139,"column":15}},"37":{"start":{"line":142,"column":18},"end":{"line":142,"column":29}},"38":{"start":{"line":143,"column":6},"end":{"line":143,"column":39}},"39":{"start":{"line":143,"column":25},"end":{"line":143,"column":38}},"40":{"start":{"line":144,"column":6},"end":{"line":147,"column":8}},"41":{"start":{"line":145,"column":8},"end":{"line":145,"column":62}},"42":{"start":{"line":146,"column":8},"end":{"line":146,"column":23}},"43":{"start":{"line":148,"column":6},"end":{"line":148,"column":26}},"44":{"start":{"line":153,"column":4},"end":{"line":158,"column":9}},"45":{"start":{"line":154,"column":25},"end":{"line":154,"column":52}},"46":{"start":{"line":156,"column":8},"end":{"line":156,"column":89}},"47":{"start":{"line":157,"column":8},"end":{"line":157,"column":51}},"48":{"start":{"line":162,"column":4},"end":{"line":162,"column":28}},"49":{"start":{"line":166,"column":4},"end":{"line":166,"column":21}},"50":{"start":{"line":171,"column":40},"end":{"line":193,"column":1}},"51":{"start":{"line":172,"column":2},"end":{"line":172,"column":44}},"52":{"start":{"line":172,"column":37},"end":{"line":172,"column":44}},"53":{"start":{"line":175,"column":2},"end":{"line":178,"column":5}},"54":{"start":{"line":176,"column":4},"end":{"line":176,"column":64}},"55":{"start":{"line":177,"column":4},"end":{"line":177,"column":91}},"56":{"start":{"line":181,"column":2},"end":{"line":184,"column":5}},"57":{"start":{"line":182,"column":4},"end":{"line":182,"column":52}},"58":{"start":{"line":183,"column":4},"end":{"line":183,"column":107}},"59":{"start":{"line":187,"column":2},"end":{"line":192,"column":11}},"60":{"start":{"line":188,"column":4},"end":{"line":191,"column":5}},"61":{"start":{"line":189,"column":6},"end":{"line":189,"column":61}},"62":{"start":{"line":190,"column":6},"end":{"line":190,"column":124}}},"fnMap":{"0":{"name":"(anonymous_0)","decl":{"start":{"line":59,"column":2},"end":{"line":59,"column":3}},"loc":{"start":{"line":59,"column":37},"end":{"line":64,"column":3}},"line":59},"1":{"name":"(anonymous_1)","decl":{"start":{"line":66,"column":2},"end":{"line":66,"column":3}},"loc":{"start":{"line":66,"column":70},"end":{"line":86,"column":3}},"line":66},"2":{"name":"(anonymous_2)","decl":{"start":{"line":70,"column":30},"end":{"line":70,"column":31}},"loc":{"start":{"line":70,"column":35},"end":{"line":70,"column":50}},"line":70},"3":{"name":"(anonymous_3)","decl":{"start":{"line":88,"column":2},"end":{"line":88,"column":3}},"loc":{"start":{"line":88,"column":60},"end":{"line":95,"column":3}},"line":88},"4":{"name":"(anonymous_4)","decl":{"start":{"line":97,"column":2},"end":{"line":97,"column":3}},"loc":{"start":{"line":97,"column":72},"end":{"line":107,"column":3}},"line":97},"5":{"name":"(anonymous_5)","decl":{"start":{"line":109,"column":2},"end":{"line":109,"column":3}},"loc":{"start":{"line":109,"column":57},"end":{"line":113,"column":3}},"line":109},"6":{"name":"(anonymous_6)","decl":{"start":{"line":115,"column":2},"end":{"line":115,"column":3}},"loc":{"start":{"line":115,"column":86},"end":{"line":133,"column":3}},"line":115},"7":{"name":"(anonymous_7)","decl":{"start":{"line":119,"column":19},"end":{"line":119,"column":20}},"loc":{"start":{"line":119,"column":28},"end":{"line":126,"column":5}},"line":119},"8":{"name":"(anonymous_8)","decl":{"start":{"line":135,"column":2},"end":{"line":135,"column":3}},"loc":{"start":{"line":135,"column":56},"end":{"line":150,"column":3}},"line":135},"9":{"name":"(anonymous_9)","decl":{"start":{"line":136,"column":23},"end":{"line":136,"column":24}},"loc":{"start":{"line":136,"column":36},"end":{"line":149,"column":5}},"line":136},"10":{"name":"(anonymous_10)","decl":{"start":{"line":143,"column":19},"end":{"line":143,"column":20}},"loc":{"start":{"line":143,"column":25},"end":{"line":143,"column":38}},"line":143},"11":{"name":"(anonymous_11)","decl":{"start":{"line":144,"column":20},"end":{"line":144,"column":21}},"loc":{"start":{"line":144,"column":26},"end":{"line":147,"column":7}},"line":144},"12":{"name":"(anonymous_12)","decl":{"start":{"line":152,"column":2},"end":{"line":152,"column":3}},"loc":{"start":{"line":152,"column":82},"end":{"line":159,"column":3}},"line":152},"13":{"name":"(anonymous_13)","decl":{"start":{"line":154,"column":12},"end":{"line":154,"column":13}},"loc":{"start":{"line":154,"column":25},"end":{"line":154,"column":52}},"line":154},"14":{"name":"(anonymous_14)","decl":{"start":{"line":155,"column":13},"end":{"line":155,"column":14}},"loc":{"start":{"line":155,"column":22},"end":{"line":158,"column":7}},"line":155},"15":{"name":"(anonymous_15)","decl":{"start":{"line":161,"column":2},"end":{"line":161,"column":3}},"loc":{"start":{"line":161,"column":24},"end":{"line":163,"column":3}},"line":161},"16":{"name":"(anonymous_16)","decl":{"start":{"line":165,"column":2},"end":{"line":165,"column":3}},"loc":{"start":{"line":165,"column":22},"end":{"line":167,"column":3}},"line":165},"17":{"name":"(anonymous_17)","decl":{"start":{"line":171,"column":40},"end":{"line":171,"column":41}},"loc":{"start":{"line":171,"column":46},"end":{"line":193,"column":1}},"line":171},"18":{"name":"(anonymous_18)","decl":{"start":{"line":175,"column":48},"end":{"line":175,"column":49}},"loc":{"start":{"line":175,"column":59},"end":{"line":178,"column":3}},"line":175},"19":{"name":"(anonymous_19)","decl":{"start":{"line":181,"column":35},"end":{"line":181,"column":36}},"loc":{"start":{"line":181,"column":46},"end":{"line":184,"column":3}},"line":181},"20":{"name":"(anonymous_20)","decl":{"start":{"line":187,"column":35},"end":{"line":187,"column":36}},"loc":{"start":{"line":187,"column":46},"end":{"line":192,"column":3}},"line":187}},"branchMap":{"0":{"loc":{"start":{"line":60,"column":4},"end":{"line":62,"column":5}},"type":"if","locations":[{"start":{"line":60,"column":4},"end":{"line":62,"column":5}},{"start":{},"end":{}}],"line":60},"1":{"loc":{"start":{"line":71,"column":4},"end":{"line":74,"column":5}},"type":"if","locations":[{"start":{"line":71,"column":4},"end":{"line":74,"column":5}},{"start":{},"end":{}}],"line":71},"2":{"loc":{"start":{"line":92,"column":4},"end":{"line":94,"column":5}},"type":"if","locations":[{"start":{"line":92,"column":4},"end":{"line":94,"column":5}},{"start":{},"end":{}}],"line":92},"3":{"loc":{"start":{"line":98,"column":4},"end":{"line":106,"column":5}},"type":"if","locations":[{"start":{"line":98,"column":4},"end":{"line":106,"column":5}},{"start":{},"end":{}}],"line":98},"4":{"loc":{"start":{"line":100,"column":6},"end":{"line":105,"column":7}},"type":"if","locations":[{"start":{"line":100,"column":6},"end":{"line":105,"column":7}},{"start":{},"end":{}}],"line":100},"5":{"loc":{"start":{"line":102,"column":8},"end":{"line":104,"column":9}},"type":"if","locations":[{"start":{"line":102,"column":8},"end":{"line":104,"column":9}},{"start":{},"end":{}}],"line":102},"6":{"loc":{"start":{"line":110,"column":4},"end":{"line":112,"column":5}},"type":"if","locations":[{"start":{"line":110,"column":4},"end":{"line":112,"column":5}},{"start":{},"end":{}}],"line":110},"7":{"loc":{"start":{"line":121,"column":6},"end":{"line":125,"column":7}},"type":"if","locations":[{"start":{"line":121,"column":6},"end":{"line":125,"column":7}},{"start":{"line":123,"column":13},"end":{"line":125,"column":7}}],"line":121},"8":{"loc":{"start":{"line":137,"column":6},"end":{"line":140,"column":7}},"type":"if","locations":[{"start":{"line":137,"column":6},"end":{"line":140,"column":7}},{"start":{},"end":{}}],"line":137},"9":{"loc":{"start":{"line":172,"column":2},"end":{"line":172,"column":44}},"type":"if","locations":[{"start":{"line":172,"column":2},"end":{"line":172,"column":44}},{"start":{},"end":{}}],"line":172},"10":{"loc":{"start":{"line":183,"column":64},"end":{"line":183,"column":103}},"type":"binary-expr","locations":[{"start":{"line":183,"column":64},"end":{"line":183,"column":84}},{"start":{"line":183,"column":88},"end":{"line":183,"column":103}}],"line":183},"11":{"loc":{"start":{"line":188,"column":4},"end":{"line":191,"column":5}},"type":"if","locations":[{"start":{"line":188,"column":4},"end":{"line":191,"column":5}},{"start":{},"end":{}}],"line":188},"12":{"loc":{"start":{"line":190,"column":72},"end":{"line":190,"column":120}},"type":"binary-expr","locations":[{"start":{"line":190,"column":72},"end":{"line":190,"column":98}},{"start":{"line":190,"column":102},"end":{"line":190,"column":120}}],"line":190}},"s":{"0":1,"1":1,"2":11,"3":1,"4":11,"5":10,"6":10,"7":27,"8":10,"9":3,"10":3,"11":7,"12":7,"13":7,"14":7,"15":7,"16":7,"17":0,"18":7,"19":3,"20":3,"21":3,"22":2,"23":7,"24":0,"25":1,"26":1,"27":1,"28":4,"29":4,"30":1,"31":3,"32":1,"33":2,"34":2,"35":0,"36":0,"37":2,"38":2,"39":1,"40":2,"41":1,"42":1,"43":2,"44":2,"45":1,"46":1,"47":1,"48":2,"49":12,"50":1,"51":1,"52":0,"53":1,"54":0,"55":0,"56":1,"57":0,"58":0,"59":1,"60":0,"61":0,"62":0},"f":{"0":11,"1":10,"2":27,"3":7,"4":7,"5":7,"6":1,"7":4,"8":2,"9":2,"10":1,"11":1,"12":2,"13":1,"14":1,"15":2,"16":12,"17":1,"18":0,"19":0,"20":0},"b":{"0":[1,10],"1":[3,7],"2":[0,7],"3":[3,4],"4":[3,0],"5":[2,1],"6":[0,7],"7":[1,3],"8":[0,2],"9":[0,1],"10":[0,0],"11":[0,0],"12":[0,0]},"_coverageSchema":"1a1c01bbd47fc00a2c39e90264f33305004495a9","hash":"e40eb4e6f5787eb6bbe926144275f5172c84ad22"}
}
