TN:
SF:app/layout.tsx
FN:24,RootLayout
FNF:1
FNH:0
FNDA:0,RootLayout
DA:14,0
DA:19,0
DA:30,0
DA:31,0
DA:34,0
LF:5
LH:0
BRDA:30,0,0,0
BRDA:30,0,1,0
BRF:2
BRH:0
end_of_record
TN:
SF:app/page.tsx
FN:6,HomePage
FN:24,(anonymous_1)
FNF:2
FNH:2
FNDA:11,HomePage
FNDA:1,(anonymous_1)
DA:7,11
DA:9,11
DA:24,1
LF:3
LH:3
BRF:0
BRH:0
end_of_record
TN:
SF:app/providers.tsx
FN:7,Providers
FN:9,(anonymous_1)
FN:14,(anonymous_2)
FNF:3
FNH:0
FNDA:0,Providers
FNDA:0,(anonymous_1)
FNDA:0,(anonymous_2)
DA:8,0
DA:10,0
DA:15,0
DA:16,0
DA:23,0
LF:5
LH:0
BRDA:15,0,0,0
BRDA:15,0,1,0
BRF:2
BRH:0
end_of_record
TN:
SF:components/ContactForm.tsx
FN:16,ContactForm
FN:17,(anonymous_1)
FN:35,(anonymous_2)
FN:57,(anonymous_3)
FNF:4
FNH:0
FNDA:0,ContactForm
FNDA:0,(anonymous_1)
FNDA:0,(anonymous_2)
FNDA:0,(anonymous_3)
DA:17,0
DA:18,0
DA:24,0
DA:35,0
DA:57,0
LF:5
LH:0
BRDA:39,0,0,0
BRDA:39,0,1,0
BRDA:43,1,0,0
BRDA:43,1,1,0
BRDA:61,2,0,0
BRDA:61,2,1,0
BRDA:65,3,0,0
BRDA:65,3,1,0
BRF:8
BRH:0
end_of_record
TN:
SF:components/ContactUsForm.tsx
FN:6,(anonymous_0)
FN:15,(anonymous_1)
FN:21,(anonymous_2)
FNF:3
FNH:0
FNDA:0,(anonymous_0)
FNDA:0,(anonymous_1)
FNDA:0,(anonymous_2)
DA:6,0
DA:7,0
DA:8,0
DA:15,0
DA:16,0
DA:18,0
DA:21,0
DA:22,0
DA:28,0
LF:9
LH:0
BRF:0
BRH:0
end_of_record
TN:
SF:components/ErrorBoundary.tsx
FN:17,(anonymous_0)
FN:22,(anonymous_1)
FN:26,(anonymous_2)
FN:47,(anonymous_3)
FN:55,(anonymous_4)
FN:74,(anonymous_5)
FNF:6
FNH:5
FNDA:12,(anonymous_0)
FNDA:10,(anonymous_1)
FNDA:5,(anonymous_2)
FNDA:0,(anonymous_3)
FNDA:26,(anonymous_4)
FNDA:1,(anonymous_5)
DA:18,12
DA:19,11
DA:23,10
DA:27,5
DA:28,5
DA:31,5
DA:32,5
DA:33,5
DA:46,5
DA:47,0
DA:56,26
DA:57,15
DA:74,1
DA:94,11
LF:14
LH:13
BRDA:31,0,0,5
BRDA:31,0,1,0
BRDA:31,1,0,5
BRDA:31,1,1,5
BRDA:46,2,0,0
BRDA:46,2,1,5
BRDA:46,3,0,5
BRDA:46,3,1,0
BRDA:56,4,0,15
BRDA:56,4,1,11
BRDA:57,5,0,15
BRDA:57,5,1,12
BRDA:81,6,0,12
BRDA:81,6,1,3
BRDA:81,6,2,3
BRF:15
BRH:12
end_of_record
TN:
SF:components/ErrorMessage.tsx
FN:13,ErrorMessage
FNF:1
FNH:0
FNDA:0,ErrorMessage
DA:19,0
LF:1
LH:0
BRDA:16,0,0,0
BRDA:17,1,0,0
BRDA:26,2,0,0
BRDA:26,2,1,0
BRDA:26,2,2,0
BRDA:33,3,0,0
BRDA:33,3,1,0
BRF:7
BRH:0
end_of_record
TN:
SF:components/FreeTrial.tsx
FN:6,(anonymous_0)
FN:10,(anonymous_1)
FN:31,(anonymous_2)
FNF:3
FNH:0
FNDA:0,(anonymous_0)
FNDA:0,(anonymous_1)
FNDA:0,(anonymous_2)
DA:6,0
DA:7,0
DA:8,0
DA:10,0
DA:11,0
DA:13,0
DA:16,0
DA:31,0
LF:8
LH:0
BRF:0
BRH:0
end_of_record
TN:
SF:components/KeyFeatureImage.tsx
FN:5,(anonymous_0)
FNF:1
FNH:0
FNDA:0,(anonymous_0)
DA:5,0
DA:6,0
LF:2
LH:0
BRF:0
BRH:0
end_of_record
TN:
SF:components/LandingPageHead.tsx
FN:6,(anonymous_0)
FNF:1
FNH:0
FNDA:0,(anonymous_0)
DA:6,0
DA:7,0
DA:9,0
LF:3
LH:0
BRF:0
BRH:0
end_of_record
TN:
SF:components/LoadingSpinner.tsx
FN:8,LoadingSpinner
FNF:1
FNH:0
FNDA:0,LoadingSpinner
DA:9,0
DA:15,0
LF:2
LH:0
BRDA:8,0,0,0
BRDA:19,1,0,0
BRDA:19,1,1,0
BRF:3
BRH:0
end_of_record
TN:
SF:components/MultipleChoiceQuestion.tsx
FN:20,MultipleChoiceQuestion
FN:37,(anonymous_1)
FN:53,(anonymous_2)
FNF:3
FNH:0
FNDA:0,MultipleChoiceQuestion
FNDA:0,(anonymous_1)
FNDA:0,(anonymous_2)
DA:27,0
DA:29,0
DA:38,0
DA:53,0
LF:4
LH:0
BRDA:27,0,0,0
BRDA:27,0,1,0
BRDA:33,1,0,0
BRDA:33,1,1,0
BRDA:42,2,0,0
BRDA:42,2,1,0
BRDA:63,3,0,0
BRDA:63,3,1,0
BRF:8
BRH:0
end_of_record
TN:
SF:components/RatingForm.tsx
FN:47,RatingForm
FN:53,(anonymous_1)
FN:54,(anonymous_2)
FN:61,(anonymous_3)
FN:68,(anonymous_4)
FN:71,(anonymous_5)
FN:92,(anonymous_6)
FN:104,(anonymous_7)
FN:124,(anonymous_8)
FN:128,(anonymous_9)
FN:151,(anonymous_10)
FN:152,(anonymous_11)
FNF:12
FNH:0
FNDA:0,RatingForm
FNDA:0,(anonymous_1)
FNDA:0,(anonymous_2)
FNDA:0,(anonymous_3)
FNDA:0,(anonymous_4)
FNDA:0,(anonymous_5)
FNDA:0,(anonymous_6)
FNDA:0,(anonymous_7)
FNDA:0,(anonymous_8)
FNDA:0,(anonymous_9)
FNDA:0,(anonymous_10)
FNDA:0,(anonymous_11)
DA:48,0
DA:49,0
DA:50,0
DA:51,0
DA:53,0
DA:54,0
DA:60,0
DA:61,0
DA:68,0
DA:69,0
DA:71,0
DA:72,0
DA:73,0
DA:77,0
DA:78,0
DA:79,0
DA:81,0
DA:82,0
DA:83,0
DA:84,0
DA:88,0
DA:89,0
DA:92,0
DA:93,0
DA:95,0
DA:96,0
DA:99,0
DA:101,0
DA:102,0
DA:104,0
DA:111,0
DA:112,0
DA:115,0
DA:117,0
DA:120,0
DA:124,0
DA:125,0
DA:128,0
DA:132,0
DA:134,0
DA:136,0
DA:138,0
DA:140,0
DA:142,0
DA:146,0
DA:151,0
DA:153,0
LF:47
LH:0
BRDA:60,0,0,0
BRDA:60,0,1,0
BRDA:72,1,0,0
BRDA:72,1,1,0
BRDA:72,2,0,0
BRDA:72,2,1,0
BRDA:77,3,0,0
BRDA:77,3,1,0
BRDA:78,4,0,0
BRDA:78,4,1,0
BRDA:81,5,0,0
BRDA:81,5,1,0
BRDA:83,6,0,0
BRDA:83,6,1,0
BRDA:95,7,0,0
BRDA:95,7,1,0
BRDA:111,8,0,0
BRDA:111,8,1,0
BRDA:127,9,0,0
BRDA:127,9,1,0
BRDA:132,10,0,0
BRDA:132,10,1,0
BRDA:132,10,2,0
BRDA:132,10,3,0
BRDA:132,10,4,0
BRDA:138,11,0,0
BRDA:138,11,1,0
BRDA:160,12,0,0
BRDA:160,12,1,0
BRDA:180,13,0,0
BRDA:180,13,1,0
BRDA:187,14,0,0
BRDA:187,14,1,0
BRF:33
BRH:0
end_of_record
TN:
SF:components/RatingQuestion.tsx
FN:16,RatingQuestion
FN:20,(anonymous_1)
FN:24,(anonymous_2)
FN:39,(anonymous_3)
FN:43,(anonymous_4)
FNF:5
FNH:0
FNDA:0,RatingQuestion
FNDA:0,(anonymous_1)
FNDA:0,(anonymous_2)
FNDA:0,(anonymous_3)
FNDA:0,(anonymous_4)
DA:17,0
DA:18,0
DA:20,0
DA:21,0
DA:24,0
DA:25,0
DA:26,0
DA:28,0
DA:31,0
DA:40,0
DA:43,0
LF:11
LH:0
BRDA:17,0,0,0
BRDA:17,0,1,0
BRDA:25,1,0,0
BRDA:25,1,1,0
BRDA:35,2,0,0
BRDA:35,2,1,0
BRDA:62,3,0,0
BRDA:62,3,1,0
BRDA:69,4,0,0
BRDA:69,4,1,0
BRF:10
BRH:0
end_of_record
TN:
SF:components/TextQuestion.tsx
FN:14,TextQuestion
FN:26,(anonymous_1)
FNF:2
FNH:0
FNDA:0,TextQuestion
FNDA:0,(anonymous_1)
DA:15,0
DA:17,0
DA:26,0
LF:3
LH:0
BRDA:15,0,0,0
BRDA:15,0,1,0
BRDA:21,1,0,0
BRDA:21,1,1,0
BRDA:31,2,0,0
BRDA:31,2,1,0
BRDA:36,3,0,0
BRDA:36,3,1,0
BRF:8
BRH:0
end_of_record
TN:
SF:components/ThankYouPage.tsx
FN:11,ThankYouPage
FNF:1
FNH:0
FNDA:0,ThankYouPage
DA:12,0
LF:1
LH:0
BRDA:27,0,0,0
BRDA:27,0,1,0
BRDA:31,1,0,0
BRDA:31,1,1,0
BRF:4
BRH:0
end_of_record
TN:
SF:components/YesNoQuestion.tsx
FN:14,YesNoQuestion
FN:37,(anonymous_1)
FN:55,(anonymous_2)
FNF:3
FNH:0
FNDA:0,YesNoQuestion
FNDA:0,(anonymous_1)
FNDA:0,(anonymous_2)
DA:15,0
DA:17,0
DA:37,0
DA:55,0
LF:4
LH:0
BRDA:15,0,0,0
BRDA:15,0,1,0
BRDA:21,1,0,0
BRDA:21,1,1,0
BRDA:27,2,0,0
BRDA:27,2,1,0
BRDA:45,3,0,0
BRDA:45,3,1,0
BRDA:62,4,0,0
BRDA:62,4,1,0
BRF:10
BRH:0
end_of_record
TN:
SF:utils/routeChecker.ts
FN:59,(anonymous_0)
FN:66,(anonymous_1)
FN:70,(anonymous_2)
FN:88,(anonymous_3)
FN:97,(anonymous_4)
FN:109,(anonymous_5)
FN:115,(anonymous_6)
FN:119,(anonymous_7)
FN:135,(anonymous_8)
FN:136,(anonymous_9)
FN:143,(anonymous_10)
FN:144,(anonymous_11)
FN:152,(anonymous_12)
FN:154,(anonymous_13)
FN:155,(anonymous_14)
FN:161,(anonymous_15)
FN:165,(anonymous_16)
FN:171,(anonymous_17)
FN:175,(anonymous_18)
FN:181,(anonymous_19)
FN:187,(anonymous_20)
FNF:21
FNH:18
FNDA:11,(anonymous_0)
FNDA:10,(anonymous_1)
FNDA:27,(anonymous_2)
FNDA:7,(anonymous_3)
FNDA:7,(anonymous_4)
FNDA:7,(anonymous_5)
FNDA:1,(anonymous_6)
FNDA:4,(anonymous_7)
FNDA:2,(anonymous_8)
FNDA:2,(anonymous_9)
FNDA:1,(anonymous_10)
FNDA:1,(anonymous_11)
FNDA:2,(anonymous_12)
FNDA:1,(anonymous_13)
FNDA:1,(anonymous_14)
FNDA:2,(anonymous_15)
FNDA:12,(anonymous_16)
FNDA:1,(anonymous_17)
FNDA:0,(anonymous_18)
FNDA:0,(anonymous_19)
FNDA:0,(anonymous_20)
DA:14,1
DA:57,1
DA:60,11
DA:61,1
DA:63,11
DA:67,10
DA:70,27
DA:71,10
DA:72,3
DA:73,3
DA:77,7
DA:80,7
DA:83,7
DA:85,7
DA:91,7
DA:92,7
DA:93,0
DA:98,7
DA:100,3
DA:101,3
DA:102,3
DA:103,2
DA:110,7
DA:111,0
DA:116,1
DA:117,1
DA:119,1
DA:120,4
DA:121,4
DA:122,1
DA:124,3
DA:128,1
DA:136,2
DA:137,2
DA:138,0
DA:139,0
DA:142,2
DA:143,2
DA:144,2
DA:145,1
DA:146,1
DA:148,2
DA:153,2
DA:154,1
DA:156,1
DA:157,1
DA:162,2
DA:166,12
DA:171,1
DA:172,1
DA:175,1
DA:176,0
DA:177,0
DA:181,1
DA:182,0
DA:183,0
DA:187,1
DA:188,0
DA:189,0
DA:190,0
LF:60
LH:49
BRDA:60,0,0,1
BRDA:60,0,1,10
BRDA:71,1,0,3
BRDA:71,1,1,7
BRDA:92,2,0,0
BRDA:92,2,1,7
BRDA:98,3,0,3
BRDA:98,3,1,4
BRDA:100,4,0,3
BRDA:100,4,1,0
BRDA:102,5,0,2
BRDA:102,5,1,1
BRDA:110,6,0,0
BRDA:110,6,1,7
BRDA:121,7,0,1
BRDA:121,7,1,3
BRDA:137,8,0,0
BRDA:137,8,1,2
BRDA:172,9,0,0
BRDA:172,9,1,1
BRDA:183,10,0,0
BRDA:183,10,1,0
BRDA:188,11,0,0
BRDA:188,11,1,0
BRDA:190,12,0,0
BRDA:190,12,1,0
BRF:26
BRH:15
end_of_record
